update: Fri Dec 23 2022 02:00:28 GMT+0700 (Indochina Time)
update: Fri Dec 23 2022 02:00:31 GMT+0700 (Indochina Time)
update: Fri Dec 23 2022 03:00:04 GMT+0700 (Indochina Time)
update: Fri Dec 23 2022 03:00:09 GMT+0700 (Indochina Time)
update: Fri Dec 23 2022 03:00:13 GMT+0700 (Indochina Time)
update: Fri Dec 23 2022 03:00:18 GMT+0700 (Indochina Time)
update: Fri Dec 23 2022 03:00:22 GMT+0700 (Indochina Time)
update: Fri Dec 23 2022 03:00:27 GMT+0700 (Indochina Time)
update: Fri Dec 23 2022 03:00:31 GMT+0700 (Indochina Time)
update: Fri Dec 23 2022 04:00:05 GMT+0700 (Indochina Time)
update: Fri Dec 23 2022 04:00:11 GMT+0700 (Indochina Time)
update: Fri Dec 23 2022 04:00:16 GMT+0700 (Indochina Time)
update: Fri Dec 23 2022 04:00:20 GMT+0700 (Indochina Time)
update: Fri Dec 23 2022 04:00:25 GMT+0700 (Indochina Time)
update: Fri Dec 23 2022 04:00:30 GMT+0700 (Indochina Time)
update: Fri Dec 23 2022 04:00:33 GMT+0700 (Indochina Time)
update: Fri Dec 23 2022 05:00:04 GMT+0700 (Indochina Time)
update: Fri Dec 23 2022 05:00:09 GMT+0700 (Indochina Time)
update: Fri Dec 23 2022 05:00:13 GMT+0700 (Indochina Time)
update: Fri Dec 23 2022 05:00:18 GMT+0700 (Indochina Time)
update: Fri Dec 23 2022 05:00:22 GMT+0700 (Indochina Time)
update: Fri Dec 23 2022 05:00:27 GMT+0700 (Indochina Time)
update: Fri Dec 23 2022 05:00:30 GMT+0700 (Indochina Time)
update: Fri Dec 23 2022 06:00:04 GMT+0700 (Indochina Time)
update: Fri Dec 23 2022 06:00:10 GMT+0700 (Indochina Time)
update: Fri Dec 23 2022 06:00:15 GMT+0700 (Indochina Time)
update: Fri Dec 23 2022 06:00:20 GMT+0700 (Indochina Time)
update: Fri Dec 23 2022 06:00:24 GMT+0700 (Indochina Time)
update: Fri Dec 23 2022 06:00:29 GMT+0700 (Indochina Time)
update: Fri Dec 23 2022 06:00:32 GMT+0700 (Indochina Time)
update: Fri Dec 23 2022 07:00:04 GMT+0700 (Indochina Time)
update: Fri Dec 23 2022 07:00:09 GMT+0700 (Indochina Time)
update: Fri Dec 23 2022 07:00:14 GMT+0700 (Indochina Time)
update: Fri Dec 23 2022 07:00:19 GMT+0700 (Indochina Time)
update: Fri Dec 23 2022 07:00:23 GMT+0700 (Indochina Time)
update: Fri Dec 23 2022 07:00:28 GMT+0700 (Indochina Time)
update: Fri Dec 23 2022 07:00:32 GMT+0700 (Indochina Time)
update: Fri Dec 23 2022 08:00:03 GMT+0700 (Indochina Time)
update: Fri Dec 23 2022 09:00:03 GMT+0700 (Indochina Time)
update: Fri Dec 23 2022 10:00:03 GMT+0700 (Indochina Time)
update: Fri Dec 23 2022 11:00:04 GMT+0700 (Indochina Time)
update: Fri Dec 23 2022 12:00:03 GMT+0700 (Indochina Time)
update: Fri Dec 23 2022 13:00:03 GMT+0700 (Indochina Time)
update: Fri Dec 23 2022 14:00:03 GMT+0700 (Indochina Time)
update: Fri Dec 23 2022 15:00:03 GMT+0700 (Indochina Time)
update: Fri Dec 23 2022 16:00:03 GMT+0700 (Indochina Time)
update: Fri Dec 23 2022 17:00:04 GMT+0700 (Indochina Time)
update: Fri Dec 23 2022 17:00:09 GMT+0700 (Indochina Time)
update: Fri Dec 23 2022 17:00:14 GMT+0700 (Indochina Time)
update: Fri Dec 23 2022 17:00:18 GMT+0700 (Indochina Time)
update: Fri Dec 23 2022 17:00:23 GMT+0700 (Indochina Time)
update: Fri Dec 23 2022 17:00:28 GMT+0700 (Indochina Time)
update: Fri Dec 23 2022 17:00:31 GMT+0700 (Indochina Time)
update: Fri Dec 23 2022 18:00:04 GMT+0700 (Indochina Time)
update: Fri Dec 23 2022 19:00:03 GMT+0700 (Indochina Time)
update: Fri Dec 23 2022 20:00:03 GMT+0700 (Indochina Time)
update: Fri Dec 23 2022 21:00:03 GMT+0700 (Indochina Time)
update: Fri Dec 23 2022 22:00:03 GMT+0700 (Indochina Time)
update: Fri Dec 23 2022 23:00:04 GMT+0700 (Indochina Time)
update: Sat Dec 24 2022 00:00:03 GMT+0700 (Indochina Time)
update: Sat Dec 24 2022 01:00:03 GMT+0700 (Indochina Time)
update: Sat Dec 24 2022 02:00:05 GMT+0700 (Indochina Time)
update: Sat Dec 24 2022 02:00:09 GMT+0700 (Indochina Time)
update: Sat Dec 24 2022 02:00:14 GMT+0700 (Indochina Time)
update: Sat Dec 24 2022 02:00:19 GMT+0700 (Indochina Time)
update: Sat Dec 24 2022 02:00:23 GMT+0700 (Indochina Time)
update: Sat Dec 24 2022 02:00:28 GMT+0700 (Indochina Time)
update: Sat Dec 24 2022 02:00:31 GMT+0700 (Indochina Time)
update: Sat Dec 24 2022 03:00:05 GMT+0700 (Indochina Time)
update: Sat Dec 24 2022 03:00:09 GMT+0700 (Indochina Time)
update: Sat Dec 24 2022 03:00:14 GMT+0700 (Indochina Time)
update: Sat Dec 24 2022 03:00:19 GMT+0700 (Indochina Time)
update: Sat Dec 24 2022 03:00:23 GMT+0700 (Indochina Time)
update: Sat Dec 24 2022 03:00:28 GMT+0700 (Indochina Time)
update: Sat Dec 24 2022 03:00:31 GMT+0700 (Indochina Time)
update: Sat Dec 24 2022 04:00:04 GMT+0700 (Indochina Time)
update: Sat Dec 24 2022 04:00:09 GMT+0700 (Indochina Time)
update: Sat Dec 24 2022 04:00:14 GMT+0700 (Indochina Time)
update: Sat Dec 24 2022 04:00:18 GMT+0700 (Indochina Time)
update: Sat Dec 24 2022 04:00:23 GMT+0700 (Indochina Time)
update: Sat Dec 24 2022 04:00:28 GMT+0700 (Indochina Time)
update: Sat Dec 24 2022 04:00:31 GMT+0700 (Indochina Time)
update: Sat Dec 24 2022 05:00:04 GMT+0700 (Indochina Time)
update: Sat Dec 24 2022 05:00:09 GMT+0700 (Indochina Time)
update: Sat Dec 24 2022 05:00:14 GMT+0700 (Indochina Time)
update: Sat Dec 24 2022 05:00:18 GMT+0700 (Indochina Time)
update: Sat Dec 24 2022 05:00:23 GMT+0700 (Indochina Time)
update: Sat Dec 24 2022 05:00:27 GMT+0700 (Indochina Time)
update: Sat Dec 24 2022 05:00:31 GMT+0700 (Indochina Time)
update: Sat Dec 24 2022 06:00:05 GMT+0700 (Indochina Time)
update: Sat Dec 24 2022 06:00:09 GMT+0700 (Indochina Time)
update: Sat Dec 24 2022 06:00:14 GMT+0700 (Indochina Time)
update: Sat Dec 24 2022 06:00:18 GMT+0700 (Indochina Time)
update: Sat Dec 24 2022 06:00:23 GMT+0700 (Indochina Time)
update: Sat Dec 24 2022 06:00:27 GMT+0700 (Indochina Time)
update: Sat Dec 24 2022 06:00:31 GMT+0700 (Indochina Time)
update: Sat Dec 24 2022 07:00:04 GMT+0700 (Indochina Time)
update: Sat Dec 24 2022 07:00:10 GMT+0700 (Indochina Time)
update: Sat Dec 24 2022 07:00:15 GMT+0700 (Indochina Time)
update: Sat Dec 24 2022 07:00:20 GMT+0700 (Indochina Time)
update: Sat Dec 24 2022 07:00:24 GMT+0700 (Indochina Time)
update: Sat Dec 24 2022 07:00:29 GMT+0700 (Indochina Time)
update: Sat Dec 24 2022 07:00:32 GMT+0700 (Indochina Time)
update: Sat Dec 24 2022 08:00:04 GMT+0700 (Indochina Time)
update: Sat Dec 24 2022 09:00:03 GMT+0700 (Indochina Time)
update: Sat Dec 24 2022 10:00:03 GMT+0700 (Indochina Time)
update: Sat Dec 24 2022 11:00:03 GMT+0700 (Indochina Time)
update: Sat Dec 24 2022 12:00:03 GMT+0700 (Indochina Time)
update: Sat Dec 24 2022 13:00:03 GMT+0700 (Indochina Time)
update: Sat Dec 24 2022 14:00:03 GMT+0700 (Indochina Time)
update: Sat Dec 24 2022 15:00:03 GMT+0700 (Indochina Time)
update: Sat Dec 24 2022 16:00:03 GMT+0700 (Indochina Time)
update: Sat Dec 24 2022 17:00:04 GMT+0700 (Indochina Time)
update: Sat Dec 24 2022 17:00:09 GMT+0700 (Indochina Time)
update: Sat Dec 24 2022 17:00:13 GMT+0700 (Indochina Time)
update: Sat Dec 24 2022 17:00:18 GMT+0700 (Indochina Time)
update: Sat Dec 24 2022 17:00:23 GMT+0700 (Indochina Time)
update: Sat Dec 24 2022 17:00:27 GMT+0700 (Indochina Time)
update: Sat Dec 24 2022 17:00:30 GMT+0700 (Indochina Time)
update: Sat Dec 24 2022 18:00:03 GMT+0700 (Indochina Time)
update: Sat Dec 24 2022 19:00:03 GMT+0700 (Indochina Time)
update: Sat Dec 24 2022 20:00:04 GMT+0700 (Indochina Time)
update: Sat Dec 24 2022 21:00:03 GMT+0700 (Indochina Time)
update: Sat Dec 24 2022 22:00:03 GMT+0700 (Indochina Time)
update: Sat Dec 24 2022 23:00:03 GMT+0700 (Indochina Time)
update: Sun Dec 25 2022 00:00:03 GMT+0700 (Indochina Time)
update: Sun Dec 25 2022 01:00:03 GMT+0700 (Indochina Time)
update: Sun Dec 25 2022 02:00:05 GMT+0700 (Indochina Time)
update: Sun Dec 25 2022 02:00:09 GMT+0700 (Indochina Time)
update: Sun Dec 25 2022 02:00:14 GMT+0700 (Indochina Time)
update: Sun Dec 25 2022 02:00:19 GMT+0700 (Indochina Time)
update: Sun Dec 25 2022 02:00:23 GMT+0700 (Indochina Time)
update: Sun Dec 25 2022 02:00:28 GMT+0700 (Indochina Time)
update: Sun Dec 25 2022 02:00:31 GMT+0700 (Indochina Time)
update: Sun Dec 25 2022 03:00:05 GMT+0700 (Indochina Time)
update: Sun Dec 25 2022 03:00:09 GMT+0700 (Indochina Time)
update: Sun Dec 25 2022 03:00:14 GMT+0700 (Indochina Time)
update: Sun Dec 25 2022 03:00:18 GMT+0700 (Indochina Time)
update: Sun Dec 25 2022 03:00:23 GMT+0700 (Indochina Time)
update: Sun Dec 25 2022 03:00:27 GMT+0700 (Indochina Time)
update: Sun Dec 25 2022 03:00:30 GMT+0700 (Indochina Time)
update: Sun Dec 25 2022 04:00:04 GMT+0700 (Indochina Time)
update: Sun Dec 25 2022 04:00:09 GMT+0700 (Indochina Time)
update: Sun Dec 25 2022 04:00:13 GMT+0700 (Indochina Time)
update: Sun Dec 25 2022 04:00:18 GMT+0700 (Indochina Time)
update: Sun Dec 25 2022 04:00:22 GMT+0700 (Indochina Time)
update: Sun Dec 25 2022 04:00:27 GMT+0700 (Indochina Time)
update: Sun Dec 25 2022 04:00:30 GMT+0700 (Indochina Time)
update: Sun Dec 25 2022 05:00:04 GMT+0700 (Indochina Time)
update: Sun Dec 25 2022 05:00:09 GMT+0700 (Indochina Time)
update: Sun Dec 25 2022 05:00:13 GMT+0700 (Indochina Time)
update: Sun Dec 25 2022 05:00:18 GMT+0700 (Indochina Time)
update: Sun Dec 25 2022 05:00:22 GMT+0700 (Indochina Time)
update: Sun Dec 25 2022 05:00:27 GMT+0700 (Indochina Time)
update: Sun Dec 25 2022 05:00:30 GMT+0700 (Indochina Time)
update: Sun Dec 25 2022 06:00:05 GMT+0700 (Indochina Time)
update: Sun Dec 25 2022 06:00:10 GMT+0700 (Indochina Time)
update: Sun Dec 25 2022 06:00:14 GMT+0700 (Indochina Time)
update: Sun Dec 25 2022 06:00:19 GMT+0700 (Indochina Time)
update: Sun Dec 25 2022 06:00:23 GMT+0700 (Indochina Time)
update: Sun Dec 25 2022 06:00:28 GMT+0700 (Indochina Time)
update: Sun Dec 25 2022 06:00:31 GMT+0700 (Indochina Time)
update: Sun Dec 25 2022 07:00:05 GMT+0700 (Indochina Time)
update: Sun Dec 25 2022 07:00:09 GMT+0700 (Indochina Time)
update: Sun Dec 25 2022 07:00:15 GMT+0700 (Indochina Time)
update: Sun Dec 25 2022 07:00:20 GMT+0700 (Indochina Time)
update: Sun Dec 25 2022 07:00:24 GMT+0700 (Indochina Time)
update: Sun Dec 25 2022 07:00:29 GMT+0700 (Indochina Time)
update: Sun Dec 25 2022 07:00:32 GMT+0700 (Indochina Time)
update: Sun Dec 25 2022 08:00:03 GMT+0700 (Indochina Time)
update: Sun Dec 25 2022 09:00:03 GMT+0700 (Indochina Time)
update: Sun Dec 25 2022 10:00:03 GMT+0700 (Indochina Time)
update: Sun Dec 25 2022 11:00:03 GMT+0700 (Indochina Time)
update: Sun Dec 25 2022 12:00:03 GMT+0700 (Indochina Time)
update: Sun Dec 25 2022 13:00:03 GMT+0700 (Indochina Time)
update: Sun Dec 25 2022 14:00:03 GMT+0700 (Indochina Time)
update: Sun Dec 25 2022 15:00:03 GMT+0700 (Indochina Time)
update: Sun Dec 25 2022 16:00:03 GMT+0700 (Indochina Time)
update: Sun Dec 25 2022 17:00:04 GMT+0700 (Indochina Time)
update: Sun Dec 25 2022 17:00:09 GMT+0700 (Indochina Time)
update: Sun Dec 25 2022 17:00:13 GMT+0700 (Indochina Time)
update: Sun Dec 25 2022 17:00:18 GMT+0700 (Indochina Time)
update: Sun Dec 25 2022 17:00:23 GMT+0700 (Indochina Time)
update: Sun Dec 25 2022 17:00:27 GMT+0700 (Indochina Time)
update: Sun Dec 25 2022 17:00:31 GMT+0700 (Indochina Time)
update: Sun Dec 25 2022 18:00:03 GMT+0700 (Indochina Time)
update: Sun Dec 25 2022 19:00:03 GMT+0700 (Indochina Time)
update: Sun Dec 25 2022 20:00:03 GMT+0700 (Indochina Time)
update: Sun Dec 25 2022 21:00:03 GMT+0700 (Indochina Time)
update: Sun Dec 25 2022 22:00:04 GMT+0700 (Indochina Time)
update: Sun Dec 25 2022 23:00:03 GMT+0700 (Indochina Time)
update: Mon Dec 26 2022 00:00:03 GMT+0700 (Indochina Time)
update: Mon Dec 26 2022 01:00:03 GMT+0700 (Indochina Time)
update: Mon Dec 26 2022 02:00:05 GMT+0700 (Indochina Time)
update: Mon Dec 26 2022 02:00:09 GMT+0700 (Indochina Time)
update: Mon Dec 26 2022 02:00:14 GMT+0700 (Indochina Time)
update: Mon Dec 26 2022 02:00:18 GMT+0700 (Indochina Time)
update: Mon Dec 26 2022 02:00:23 GMT+0700 (Indochina Time)
update: Mon Dec 26 2022 02:00:27 GMT+0700 (Indochina Time)
update: Mon Dec 26 2022 02:00:31 GMT+0700 (Indochina Time)
update: Mon Dec 26 2022 03:00:05 GMT+0700 (Indochina Time)
update: Mon Dec 26 2022 03:00:10 GMT+0700 (Indochina Time)
update: Mon Dec 26 2022 03:00:15 GMT+0700 (Indochina Time)
update: Mon Dec 26 2022 03:00:20 GMT+0700 (Indochina Time)
update: Mon Dec 26 2022 03:00:24 GMT+0700 (Indochina Time)
update: Mon Dec 26 2022 03:00:29 GMT+0700 (Indochina Time)
update: Mon Dec 26 2022 03:00:32 GMT+0700 (Indochina Time)
update: Mon Dec 26 2022 04:00:05 GMT+0700 (Indochina Time)
update: Mon Dec 26 2022 04:00:09 GMT+0700 (Indochina Time)
update: Mon Dec 26 2022 04:00:14 GMT+0700 (Indochina Time)
update: Mon Dec 26 2022 04:00:20 GMT+0700 (Indochina Time)
update: Mon Dec 26 2022 04:00:24 GMT+0700 (Indochina Time)
update: Mon Dec 26 2022 04:00:30 GMT+0700 (Indochina Time)
update: Mon Dec 26 2022 04:00:33 GMT+0700 (Indochina Time)
update: Mon Dec 26 2022 05:00:04 GMT+0700 (Indochina Time)
update: Mon Dec 26 2022 05:00:09 GMT+0700 (Indochina Time)
update: Mon Dec 26 2022 05:00:13 GMT+0700 (Indochina Time)
update: Mon Dec 26 2022 05:00:18 GMT+0700 (Indochina Time)
update: Mon Dec 26 2022 05:00:22 GMT+0700 (Indochina Time)
update: Mon Dec 26 2022 05:00:27 GMT+0700 (Indochina Time)
update: Mon Dec 26 2022 05:00:30 GMT+0700 (Indochina Time)
update: Mon Dec 26 2022 06:00:05 GMT+0700 (Indochina Time)
update: Mon Dec 26 2022 06:00:09 GMT+0700 (Indochina Time)
update: Mon Dec 26 2022 06:00:14 GMT+0700 (Indochina Time)
update: Mon Dec 26 2022 06:00:18 GMT+0700 (Indochina Time)
update: Mon Dec 26 2022 06:00:23 GMT+0700 (Indochina Time)
update: Mon Dec 26 2022 06:00:28 GMT+0700 (Indochina Time)
update: Mon Dec 26 2022 06:00:31 GMT+0700 (Indochina Time)
update: Mon Dec 26 2022 07:00:05 GMT+0700 (Indochina Time)
update: Mon Dec 26 2022 07:00:09 GMT+0700 (Indochina Time)
update: Mon Dec 26 2022 07:00:14 GMT+0700 (Indochina Time)
update: Mon Dec 26 2022 07:00:18 GMT+0700 (Indochina Time)
update: Mon Dec 26 2022 07:00:23 GMT+0700 (Indochina Time)
update: Mon Dec 26 2022 07:00:27 GMT+0700 (Indochina Time)
update: Mon Dec 26 2022 07:00:30 GMT+0700 (Indochina Time)
update: Mon Dec 26 2022 08:00:03 GMT+0700 (Indochina Time)
update: Mon Dec 26 2022 09:00:03 GMT+0700 (Indochina Time)
update: Mon Dec 26 2022 10:00:03 GMT+0700 (Indochina Time)
update: Mon Dec 26 2022 11:00:04 GMT+0700 (Indochina Time)
update: Mon Dec 26 2022 12:00:03 GMT+0700 (Indochina Time)
update: Mon Dec 26 2022 13:00:03 GMT+0700 (Indochina Time)
update: Mon Dec 26 2022 14:00:03 GMT+0700 (Indochina Time)
update: Mon Dec 26 2022 15:00:03 GMT+0700 (Indochina Time)
update: Mon Dec 26 2022 16:00:03 GMT+0700 (Indochina Time)
update: Mon Dec 26 2022 17:00:05 GMT+0700 (Indochina Time)
update: Mon Dec 26 2022 17:00:10 GMT+0700 (Indochina Time)
update: Mon Dec 26 2022 17:00:15 GMT+0700 (Indochina Time)
update: Mon Dec 26 2022 17:00:19 GMT+0700 (Indochina Time)
update: Mon Dec 26 2022 17:00:24 GMT+0700 (Indochina Time)
update: Mon Dec 26 2022 17:00:28 GMT+0700 (Indochina Time)
update: Mon Dec 26 2022 17:00:32 GMT+0700 (Indochina Time)
update: Mon Dec 26 2022 18:00:03 GMT+0700 (Indochina Time)
update: Mon Dec 26 2022 19:00:03 GMT+0700 (Indochina Time)
update: Mon Dec 26 2022 20:00:03 GMT+0700 (Indochina Time)
update: Mon Dec 26 2022 21:00:03 GMT+0700 (Indochina Time)
update: Mon Dec 26 2022 22:00:03 GMT+0700 (Indochina Time)
update: Mon Dec 26 2022 23:00:03 GMT+0700 (Indochina Time)
update: Tue Dec 27 2022 00:00:03 GMT+0700 (Indochina Time)
update: Tue Dec 27 2022 01:00:03 GMT+0700 (Indochina Time)
update: Tue Dec 27 2022 02:00:04 GMT+0700 (Indochina Time)
update: Tue Dec 27 2022 02:00:09 GMT+0700 (Indochina Time)
update: Tue Dec 27 2022 02:00:14 GMT+0700 (Indochina Time)
update: Tue Dec 27 2022 02:00:19 GMT+0700 (Indochina Time)
update: Tue Dec 27 2022 02:00:23 GMT+0700 (Indochina Time)
update: Tue Dec 27 2022 02:00:29 GMT+0700 (Indochina Time)
update: Tue Dec 27 2022 02:00:32 GMT+0700 (Indochina Time)
update: Tue Dec 27 2022 03:00:04 GMT+0700 (Indochina Time)
update: Tue Dec 27 2022 03:00:09 GMT+0700 (Indochina Time)
update: Tue Dec 27 2022 03:00:14 GMT+0700 (Indochina Time)
update: Tue Dec 27 2022 03:00:19 GMT+0700 (Indochina Time)
update: Tue Dec 27 2022 03:00:24 GMT+0700 (Indochina Time)
update: Tue Dec 27 2022 03:00:29 GMT+0700 (Indochina Time)
update: Tue Dec 27 2022 03:00:32 GMT+0700 (Indochina Time)
update: Tue Dec 27 2022 04:00:04 GMT+0700 (Indochina Time)
update: Tue Dec 27 2022 04:00:09 GMT+0700 (Indochina Time)
update: Tue Dec 27 2022 04:00:14 GMT+0700 (Indochina Time)
update: Tue Dec 27 2022 04:00:18 GMT+0700 (Indochina Time)
update: Tue Dec 27 2022 04:00:23 GMT+0700 (Indochina Time)
update: Tue Dec 27 2022 04:00:27 GMT+0700 (Indochina Time)
update: Tue Dec 27 2022 04:00:31 GMT+0700 (Indochina Time)
update: Tue Dec 27 2022 05:00:05 GMT+0700 (Indochina Time)
update: Tue Dec 27 2022 05:00:09 GMT+0700 (Indochina Time)
update: Tue Dec 27 2022 05:00:14 GMT+0700 (Indochina Time)
update: Tue Dec 27 2022 05:00:19 GMT+0700 (Indochina Time)
update: Tue Dec 27 2022 05:00:23 GMT+0700 (Indochina Time)
update: Tue Dec 27 2022 05:00:28 GMT+0700 (Indochina Time)
update: Tue Dec 27 2022 05:00:31 GMT+0700 (Indochina Time)
update: Tue Dec 27 2022 06:00:04 GMT+0700 (Indochina Time)
update: Tue Dec 27 2022 06:00:09 GMT+0700 (Indochina Time)
update: Tue Dec 27 2022 06:00:13 GMT+0700 (Indochina Time)
update: Tue Dec 27 2022 06:00:18 GMT+0700 (Indochina Time)
update: Tue Dec 27 2022 06:00:22 GMT+0700 (Indochina Time)
update: Tue Dec 27 2022 06:00:27 GMT+0700 (Indochina Time)
update: Tue Dec 27 2022 06:00:30 GMT+0700 (Indochina Time)
update: Tue Dec 27 2022 07:00:04 GMT+0700 (Indochina Time)
update: Tue Dec 27 2022 07:00:09 GMT+0700 (Indochina Time)
update: Tue Dec 27 2022 07:00:14 GMT+0700 (Indochina Time)
update: Tue Dec 27 2022 07:00:18 GMT+0700 (Indochina Time)
update: Tue Dec 27 2022 07:00:23 GMT+0700 (Indochina Time)
update: Tue Dec 27 2022 07:00:28 GMT+0700 (Indochina Time)
update: Tue Dec 27 2022 07:00:31 GMT+0700 (Indochina Time)
update: Tue Dec 27 2022 08:00:03 GMT+0700 (Indochina Time)
update: Tue Dec 27 2022 09:00:03 GMT+0700 (Indochina Time)
update: Tue Dec 27 2022 10:00:03 GMT+0700 (Indochina Time)
update: Tue Dec 27 2022 11:00:03 GMT+0700 (Indochina Time)
update: Tue Dec 27 2022 12:00:03 GMT+0700 (Indochina Time)
update: Tue Dec 27 2022 13:00:03 GMT+0700 (Indochina Time)
update: Tue Dec 27 2022 14:00:03 GMT+0700 (Indochina Time)
update: Tue Dec 27 2022 15:00:03 GMT+0700 (Indochina Time)
update: Tue Dec 27 2022 16:00:04 GMT+0700 (Indochina Time)
update: Tue Dec 27 2022 17:00:05 GMT+0700 (Indochina Time)
update: Tue Dec 27 2022 17:00:11 GMT+0700 (Indochina Time)
update: Tue Dec 27 2022 17:00:15 GMT+0700 (Indochina Time)
update: Tue Dec 27 2022 17:00:20 GMT+0700 (Indochina Time)
update: Tue Dec 27 2022 17:00:24 GMT+0700 (Indochina Time)
update: Tue Dec 27 2022 17:00:29 GMT+0700 (Indochina Time)
update: Tue Dec 27 2022 17:00:32 GMT+0700 (Indochina Time)
update: Tue Dec 27 2022 18:00:03 GMT+0700 (Indochina Time)
update: Tue Dec 27 2022 19:00:04 GMT+0700 (Indochina Time)
update: Tue Dec 27 2022 20:00:03 GMT+0700 (Indochina Time)
update: Tue Dec 27 2022 21:00:03 GMT+0700 (Indochina Time)
update: Tue Dec 27 2022 22:00:03 GMT+0700 (Indochina Time)
update: Tue Dec 27 2022 23:00:04 GMT+0700 (Indochina Time)
update: Wed Dec 28 2022 00:00:03 GMT+0700 (Indochina Time)
update: Wed Dec 28 2022 01:00:03 GMT+0700 (Indochina Time)
update: Wed Dec 28 2022 02:00:05 GMT+0700 (Indochina Time)
update: Wed Dec 28 2022 02:00:09 GMT+0700 (Indochina Time)
update: Wed Dec 28 2022 02:00:14 GMT+0700 (Indochina Time)
update: Wed Dec 28 2022 02:00:18 GMT+0700 (Indochina Time)
update: Wed Dec 28 2022 02:00:23 GMT+0700 (Indochina Time)
update: Wed Dec 28 2022 02:00:28 GMT+0700 (Indochina Time)
update: Wed Dec 28 2022 02:00:31 GMT+0700 (Indochina Time)
update: Wed Dec 28 2022 03:00:05 GMT+0700 (Indochina Time)
update: Wed Dec 28 2022 03:00:11 GMT+0700 (Indochina Time)
update: Wed Dec 28 2022 03:00:16 GMT+0700 (Indochina Time)
update: Wed Dec 28 2022 03:00:20 GMT+0700 (Indochina Time)
update: Wed Dec 28 2022 03:00:25 GMT+0700 (Indochina Time)
update: Wed Dec 28 2022 03:00:29 GMT+0700 (Indochina Time)
update: Wed Dec 28 2022 03:00:32 GMT+0700 (Indochina Time)
update: Wed Dec 28 2022 04:00:04 GMT+0700 (Indochina Time)
update: Wed Dec 28 2022 04:00:09 GMT+0700 (Indochina Time)
update: Wed Dec 28 2022 04:00:13 GMT+0700 (Indochina Time)
update: Wed Dec 28 2022 04:00:18 GMT+0700 (Indochina Time)
update: Wed Dec 28 2022 04:00:22 GMT+0700 (Indochina Time)
update: Wed Dec 28 2022 04:00:27 GMT+0700 (Indochina Time)
update: Wed Dec 28 2022 04:00:30 GMT+0700 (Indochina Time)
update: Wed Dec 28 2022 05:00:04 GMT+0700 (Indochina Time)
update: Wed Dec 28 2022 05:00:09 GMT+0700 (Indochina Time)
update: Wed Dec 28 2022 05:00:13 GMT+0700 (Indochina Time)
update: Wed Dec 28 2022 05:00:18 GMT+0700 (Indochina Time)
update: Wed Dec 28 2022 05:00:22 GMT+0700 (Indochina Time)
update: Wed Dec 28 2022 05:00:27 GMT+0700 (Indochina Time)
update: Wed Dec 28 2022 05:00:30 GMT+0700 (Indochina Time)
update: Wed Dec 28 2022 06:00:04 GMT+0700 (Indochina Time)
update: Wed Dec 28 2022 06:00:09 GMT+0700 (Indochina Time)
update: Wed Dec 28 2022 06:00:14 GMT+0700 (Indochina Time)
update: Wed Dec 28 2022 06:00:18 GMT+0700 (Indochina Time)
update: Wed Dec 28 2022 06:00:23 GMT+0700 (Indochina Time)
update: Wed Dec 28 2022 06:00:27 GMT+0700 (Indochina Time)
update: Wed Dec 28 2022 06:00:31 GMT+0700 (Indochina Time)
update: Wed Dec 28 2022 07:00:05 GMT+0700 (Indochina Time)
update: Wed Dec 28 2022 07:00:10 GMT+0700 (Indochina Time)
update: Wed Dec 28 2022 07:00:15 GMT+0700 (Indochina Time)
update: Wed Dec 28 2022 07:00:20 GMT+0700 (Indochina Time)
update: Wed Dec 28 2022 07:00:25 GMT+0700 (Indochina Time)
update: Wed Dec 28 2022 07:00:29 GMT+0700 (Indochina Time)
update: Wed Dec 28 2022 07:00:32 GMT+0700 (Indochina Time)
update: Mon Jan 02 2023 15:53:16 GMT+0700 (Indochina Time)
update: Mon Jan 02 2023 15:53:20 GMT+0700 (Indochina Time)
update: Mon Jan 02 2023 15:53:20 GMT+0700 (Indochina Time)
update: Mon Jan 02 2023 15:53:20 GMT+0700 (Indochina Time)
update: Mon Jan 02 2023 15:53:20 GMT+0700 (Indochina Time)
update: Mon Jan 02 2023 15:53:20 GMT+0700 (Indochina Time)
update: Mon Jan 02 2023 15:53:20 GMT+0700 (Indochina Time)
update: Mon Jan 02 2023 15:53:23 GMT+0700 (Indochina Time)
update: Mon Jan 02 2023 15:57:48 GMT+0700 (Indochina Time)
update: Mon Jan 02 2023 15:57:52 GMT+0700 (Indochina Time)
update: Mon Jan 02 2023 15:57:52 GMT+0700 (Indochina Time)
update: Mon Jan 02 2023 15:57:52 GMT+0700 (Indochina Time)
update: Mon Jan 02 2023 15:57:52 GMT+0700 (Indochina Time)
update: Mon Jan 02 2023 15:57:52 GMT+0700 (Indochina Time)
update: Mon Jan 02 2023 15:57:52 GMT+0700 (Indochina Time)
update: Mon Jan 02 2023 15:57:55 GMT+0700 (Indochina Time)
update: Mon Jan 02 2023 16:00:03 GMT+0700 (Indochina Time)
update: Mon Jan 02 2023 17:00:05 GMT+0700 (Indochina Time)
update: Mon Jan 02 2023 17:00:06 GMT+0700 (Indochina Time)
update: Mon Jan 02 2023 17:00:08 GMT+0700 (Indochina Time)
update: Mon Jan 02 2023 17:00:09 GMT+0700 (Indochina Time)
update: Mon Jan 02 2023 17:00:10 GMT+0700 (Indochina Time)
update: Mon Jan 02 2023 17:00:12 GMT+0700 (Indochina Time)
update: Mon Jan 02 2023 17:00:12 GMT+0700 (Indochina Time)
update: Mon Jan 02 2023 18:00:03 GMT+0700 (Indochina Time)
update: Mon Jan 02 2023 19:00:03 GMT+0700 (Indochina Time)
update: Mon Jan 02 2023 20:00:03 GMT+0700 (Indochina Time)
update: Mon Jan 02 2023 21:00:03 GMT+0700 (Indochina Time)
update: Mon Jan 02 2023 22:00:03 GMT+0700 (Indochina Time)
update: Mon Jan 02 2023 23:00:03 GMT+0700 (Indochina Time)
update: Tue Jan 03 2023 00:00:03 GMT+0700 (Indochina Time)
update: Tue Jan 03 2023 01:00:03 GMT+0700 (Indochina Time)
update: Tue Jan 03 2023 02:00:04 GMT+0700 (Indochina Time)
update: Tue Jan 03 2023 02:00:05 GMT+0700 (Indochina Time)
update: Tue Jan 03 2023 02:00:06 GMT+0700 (Indochina Time)
update: Tue Jan 03 2023 02:00:08 GMT+0700 (Indochina Time)
update: Tue Jan 03 2023 02:00:09 GMT+0700 (Indochina Time)
update: Tue Jan 03 2023 02:00:10 GMT+0700 (Indochina Time)
update: Tue Jan 03 2023 02:00:10 GMT+0700 (Indochina Time)
update: Tue Jan 03 2023 03:00:05 GMT+0700 (Indochina Time)
update: Tue Jan 03 2023 03:00:06 GMT+0700 (Indochina Time)
update: Tue Jan 03 2023 03:00:08 GMT+0700 (Indochina Time)
update: Tue Jan 03 2023 03:00:09 GMT+0700 (Indochina Time)
update: Tue Jan 03 2023 03:00:10 GMT+0700 (Indochina Time)
update: Tue Jan 03 2023 03:00:11 GMT+0700 (Indochina Time)
update: Tue Jan 03 2023 03:00:11 GMT+0700 (Indochina Time)
update: Tue Jan 03 2023 04:00:04 GMT+0700 (Indochina Time)
update: Tue Jan 03 2023 04:00:05 GMT+0700 (Indochina Time)
update: Tue Jan 03 2023 04:00:07 GMT+0700 (Indochina Time)
update: Tue Jan 03 2023 04:00:08 GMT+0700 (Indochina Time)
update: Tue Jan 03 2023 04:00:09 GMT+0700 (Indochina Time)
update: Tue Jan 03 2023 04:00:10 GMT+0700 (Indochina Time)
update: Tue Jan 03 2023 04:00:10 GMT+0700 (Indochina Time)
update: Tue Jan 03 2023 05:00:04 GMT+0700 (Indochina Time)
update: Tue Jan 03 2023 05:00:05 GMT+0700 (Indochina Time)
update: Tue Jan 03 2023 05:00:07 GMT+0700 (Indochina Time)
update: Tue Jan 03 2023 05:00:08 GMT+0700 (Indochina Time)
update: Tue Jan 03 2023 05:00:09 GMT+0700 (Indochina Time)
update: Tue Jan 03 2023 05:00:10 GMT+0700 (Indochina Time)
update: Tue Jan 03 2023 05:00:10 GMT+0700 (Indochina Time)
update: Tue Jan 03 2023 06:00:04 GMT+0700 (Indochina Time)
update: Tue Jan 03 2023 06:00:06 GMT+0700 (Indochina Time)
update: Tue Jan 03 2023 06:00:07 GMT+0700 (Indochina Time)
update: Tue Jan 03 2023 06:00:08 GMT+0700 (Indochina Time)
update: Tue Jan 03 2023 06:00:10 GMT+0700 (Indochina Time)
update: Tue Jan 03 2023 06:00:11 GMT+0700 (Indochina Time)
update: Tue Jan 03 2023 06:00:11 GMT+0700 (Indochina Time)
update: Tue Jan 03 2023 07:00:04 GMT+0700 (Indochina Time)
update: Tue Jan 03 2023 07:00:06 GMT+0700 (Indochina Time)
update: Tue Jan 03 2023 07:00:07 GMT+0700 (Indochina Time)
update: Tue Jan 03 2023 07:00:08 GMT+0700 (Indochina Time)
update: Tue Jan 03 2023 07:00:09 GMT+0700 (Indochina Time)
update: Tue Jan 03 2023 07:00:10 GMT+0700 (Indochina Time)
update: Tue Jan 03 2023 07:00:10 GMT+0700 (Indochina Time)
update: Tue Jan 03 2023 08:00:03 GMT+0700 (Indochina Time)
update: Tue Jan 03 2023 09:00:03 GMT+0700 (Indochina Time)
update: Tue Jan 03 2023 10:00:03 GMT+0700 (Indochina Time)
update: Tue Jan 03 2023 11:00:03 GMT+0700 (Indochina Time)
update: Tue Jan 03 2023 12:00:04 GMT+0700 (Indochina Time)
update: Tue Jan 03 2023 13:00:04 GMT+0700 (Indochina Time)
update: Tue Jan 03 2023 14:00:03 GMT+0700 (Indochina Time)
update: Tue Jan 03 2023 15:00:03 GMT+0700 (Indochina Time)
update: Tue Jan 03 2023 16:00:04 GMT+0700 (Indochina Time)
update: Tue Jan 03 2023 17:00:04 GMT+0700 (Indochina Time)
update: Tue Jan 03 2023 17:00:05 GMT+0700 (Indochina Time)
update: Tue Jan 03 2023 17:00:07 GMT+0700 (Indochina Time)
update: Tue Jan 03 2023 17:00:08 GMT+0700 (Indochina Time)
update: Tue Jan 03 2023 17:00:09 GMT+0700 (Indochina Time)
update: Tue Jan 03 2023 17:00:10 GMT+0700 (Indochina Time)
update: Tue Jan 03 2023 17:00:10 GMT+0700 (Indochina Time)
update: Tue Jan 03 2023 18:00:03 GMT+0700 (Indochina Time)
update: Tue Jan 03 2023 19:00:03 GMT+0700 (Indochina Time)
update: Tue Jan 03 2023 20:00:03 GMT+0700 (Indochina Time)
update: Tue Jan 03 2023 21:00:03 GMT+0700 (Indochina Time)
update: Tue Jan 03 2023 22:00:04 GMT+0700 (Indochina Time)
update: Tue Jan 03 2023 23:00:03 GMT+0700 (Indochina Time)
update: Wed Jan 04 2023 00:00:03 GMT+0700 (Indochina Time)
update: Wed Jan 04 2023 01:00:03 GMT+0700 (Indochina Time)
update: Wed Jan 04 2023 02:00:05 GMT+0700 (Indochina Time)
update: Wed Jan 04 2023 02:00:06 GMT+0700 (Indochina Time)
update: Wed Jan 04 2023 02:00:08 GMT+0700 (Indochina Time)
update: Wed Jan 04 2023 02:00:09 GMT+0700 (Indochina Time)
update: Wed Jan 04 2023 02:00:10 GMT+0700 (Indochina Time)
update: Wed Jan 04 2023 02:00:11 GMT+0700 (Indochina Time)
update: Wed Jan 04 2023 02:00:11 GMT+0700 (Indochina Time)
update: Wed Jan 04 2023 03:00:04 GMT+0700 (Indochina Time)
update: Wed Jan 04 2023 03:00:05 GMT+0700 (Indochina Time)
update: Wed Jan 04 2023 03:00:07 GMT+0700 (Indochina Time)
update: Wed Jan 04 2023 03:00:08 GMT+0700 (Indochina Time)
update: Wed Jan 04 2023 03:00:09 GMT+0700 (Indochina Time)
update: Wed Jan 04 2023 03:00:11 GMT+0700 (Indochina Time)
update: Wed Jan 04 2023 03:00:11 GMT+0700 (Indochina Time)
update: Wed Jan 04 2023 04:00:04 GMT+0700 (Indochina Time)
update: Wed Jan 04 2023 04:00:05 GMT+0700 (Indochina Time)
update: Wed Jan 04 2023 04:00:06 GMT+0700 (Indochina Time)
update: Wed Jan 04 2023 04:00:08 GMT+0700 (Indochina Time)
update: Wed Jan 04 2023 04:00:09 GMT+0700 (Indochina Time)
update: Wed Jan 04 2023 04:00:10 GMT+0700 (Indochina Time)
update: Wed Jan 04 2023 04:00:10 GMT+0700 (Indochina Time)
update: Wed Jan 04 2023 05:00:04 GMT+0700 (Indochina Time)
update: Wed Jan 04 2023 05:00:05 GMT+0700 (Indochina Time)
update: Wed Jan 04 2023 05:00:06 GMT+0700 (Indochina Time)
update: Wed Jan 04 2023 05:00:07 GMT+0700 (Indochina Time)
update: Wed Jan 04 2023 05:00:09 GMT+0700 (Indochina Time)
update: Wed Jan 04 2023 05:00:10 GMT+0700 (Indochina Time)
update: Wed Jan 04 2023 05:00:10 GMT+0700 (Indochina Time)
update: Wed Jan 04 2023 06:00:05 GMT+0700 (Indochina Time)
update: Wed Jan 04 2023 06:00:06 GMT+0700 (Indochina Time)
update: Wed Jan 04 2023 06:00:07 GMT+0700 (Indochina Time)
update: Wed Jan 04 2023 06:00:08 GMT+0700 (Indochina Time)
update: Wed Jan 04 2023 06:00:09 GMT+0700 (Indochina Time)
update: Wed Jan 04 2023 06:00:11 GMT+0700 (Indochina Time)
update: Wed Jan 04 2023 06:00:11 GMT+0700 (Indochina Time)
update: Wed Jan 04 2023 07:00:04 GMT+0700 (Indochina Time)
update: Wed Jan 04 2023 07:00:06 GMT+0700 (Indochina Time)
update: Wed Jan 04 2023 07:00:07 GMT+0700 (Indochina Time)
update: Wed Jan 04 2023 07:00:08 GMT+0700 (Indochina Time)
update: Wed Jan 04 2023 07:00:09 GMT+0700 (Indochina Time)
update: Wed Jan 04 2023 07:00:10 GMT+0700 (Indochina Time)
update: Wed Jan 04 2023 07:00:10 GMT+0700 (Indochina Time)
update: Wed Jan 04 2023 08:00:04 GMT+0700 (Indochina Time)
update: Wed Jan 04 2023 09:00:03 GMT+0700 (Indochina Time)
update: Wed Jan 04 2023 10:00:03 GMT+0700 (Indochina Time)
update: Wed Jan 04 2023 11:00:03 GMT+0700 (Indochina Time)
update: Wed Jan 04 2023 12:00:03 GMT+0700 (Indochina Time)
update: Wed Jan 04 2023 13:00:04 GMT+0700 (Indochina Time)
update: Wed Jan 04 2023 14:00:03 GMT+0700 (Indochina Time)
update: Wed Jan 04 2023 15:00:03 GMT+0700 (Indochina Time)
update: Wed Jan 04 2023 16:00:03 GMT+0700 (Indochina Time)
update: Wed Jan 04 2023 17:00:04 GMT+0700 (Indochina Time)
update: Wed Jan 04 2023 17:00:05 GMT+0700 (Indochina Time)
update: Wed Jan 04 2023 17:00:06 GMT+0700 (Indochina Time)
update: Wed Jan 04 2023 17:00:08 GMT+0700 (Indochina Time)
update: Wed Jan 04 2023 17:00:09 GMT+0700 (Indochina Time)
update: Wed Jan 04 2023 17:00:10 GMT+0700 (Indochina Time)
update: Wed Jan 04 2023 17:00:10 GMT+0700 (Indochina Time)
update: Wed Jan 04 2023 18:00:03 GMT+0700 (Indochina Time)
update: Wed Jan 04 2023 19:00:03 GMT+0700 (Indochina Time)
update: Wed Jan 04 2023 20:00:03 GMT+0700 (Indochina Time)
update: Wed Jan 04 2023 21:00:04 GMT+0700 (Indochina Time)
update: Wed Jan 04 2023 22:00:04 GMT+0700 (Indochina Time)
update: Wed Jan 04 2023 23:00:03 GMT+0700 (Indochina Time)
update: Thu Jan 05 2023 00:00:03 GMT+0700 (Indochina Time)
update: Thu Jan 05 2023 01:00:03 GMT+0700 (Indochina Time)
update: Thu Jan 05 2023 02:00:59 GMT+0700 (Indochina Time)
update: Thu Jan 05 2023 02:01:00 GMT+0700 (Indochina Time)
update: Thu Jan 05 2023 02:01:02 GMT+0700 (Indochina Time)
update: Thu Jan 05 2023 02:01:03 GMT+0700 (Indochina Time)
update: Thu Jan 05 2023 02:01:04 GMT+0700 (Indochina Time)
update: Thu Jan 05 2023 02:01:05 GMT+0700 (Indochina Time)
update: Thu Jan 05 2023 02:01:05 GMT+0700 (Indochina Time)
update: Thu Jan 05 2023 03:00:04 GMT+0700 (Indochina Time)
update: Thu Jan 05 2023 03:00:05 GMT+0700 (Indochina Time)
update: Thu Jan 05 2023 03:00:07 GMT+0700 (Indochina Time)
update: Thu Jan 05 2023 03:00:08 GMT+0700 (Indochina Time)
update: Thu Jan 05 2023 03:00:09 GMT+0700 (Indochina Time)
update: Thu Jan 05 2023 03:00:10 GMT+0700 (Indochina Time)
update: Thu Jan 05 2023 03:00:10 GMT+0700 (Indochina Time)
update: Thu Jan 05 2023 04:00:04 GMT+0700 (Indochina Time)
update: Thu Jan 05 2023 04:00:06 GMT+0700 (Indochina Time)
update: Thu Jan 05 2023 04:00:07 GMT+0700 (Indochina Time)
update: Thu Jan 05 2023 04:00:08 GMT+0700 (Indochina Time)
update: Thu Jan 05 2023 04:00:09 GMT+0700 (Indochina Time)
update: Thu Jan 05 2023 04:00:11 GMT+0700 (Indochina Time)
update: Thu Jan 05 2023 04:00:11 GMT+0700 (Indochina Time)
update: Thu Jan 05 2023 05:00:05 GMT+0700 (Indochina Time)
update: Thu Jan 05 2023 05:00:06 GMT+0700 (Indochina Time)
update: Thu Jan 05 2023 05:00:07 GMT+0700 (Indochina Time)
update: Thu Jan 05 2023 05:00:08 GMT+0700 (Indochina Time)
update: Thu Jan 05 2023 05:00:10 GMT+0700 (Indochina Time)
update: Thu Jan 05 2023 05:00:11 GMT+0700 (Indochina Time)
update: Thu Jan 05 2023 05:00:11 GMT+0700 (Indochina Time)
update: Thu Jan 05 2023 06:00:05 GMT+0700 (Indochina Time)
update: Thu Jan 05 2023 06:00:06 GMT+0700 (Indochina Time)
update: Thu Jan 05 2023 06:00:08 GMT+0700 (Indochina Time)
update: Thu Jan 05 2023 06:00:09 GMT+0700 (Indochina Time)
update: Thu Jan 05 2023 06:00:10 GMT+0700 (Indochina Time)
update: Thu Jan 05 2023 06:00:11 GMT+0700 (Indochina Time)
update: Thu Jan 05 2023 06:00:11 GMT+0700 (Indochina Time)
update: Thu Jan 05 2023 07:00:05 GMT+0700 (Indochina Time)
update: Thu Jan 05 2023 07:00:06 GMT+0700 (Indochina Time)
update: Thu Jan 05 2023 07:00:07 GMT+0700 (Indochina Time)
update: Thu Jan 05 2023 07:00:08 GMT+0700 (Indochina Time)
update: Thu Jan 05 2023 07:00:10 GMT+0700 (Indochina Time)
update: Thu Jan 05 2023 07:00:11 GMT+0700 (Indochina Time)
update: Thu Jan 05 2023 07:00:11 GMT+0700 (Indochina Time)
update: Thu Jan 05 2023 08:00:03 GMT+0700 (Indochina Time)
update: Thu Jan 05 2023 09:00:03 GMT+0700 (Indochina Time)
update: Thu Jan 05 2023 10:00:03 GMT+0700 (Indochina Time)
update: Thu Jan 05 2023 11:00:03 GMT+0700 (Indochina Time)
update: Thu Jan 05 2023 12:00:03 GMT+0700 (Indochina Time)
update: Thu Jan 05 2023 13:00:03 GMT+0700 (Indochina Time)
update: Thu Jan 05 2023 14:00:03 GMT+0700 (Indochina Time)
update: Thu Jan 05 2023 15:00:03 GMT+0700 (Indochina Time)
update: Thu Jan 05 2023 16:00:04 GMT+0700 (Indochina Time)
update: Thu Jan 05 2023 17:00:05 GMT+0700 (Indochina Time)
update: Thu Jan 05 2023 17:00:06 GMT+0700 (Indochina Time)
update: Thu Jan 05 2023 17:00:07 GMT+0700 (Indochina Time)
update: Thu Jan 05 2023 17:00:08 GMT+0700 (Indochina Time)
update: Thu Jan 05 2023 17:00:09 GMT+0700 (Indochina Time)
update: Thu Jan 05 2023 17:00:11 GMT+0700 (Indochina Time)
update: Thu Jan 05 2023 17:00:11 GMT+0700 (Indochina Time)
update: Thu Jan 05 2023 18:00:03 GMT+0700 (Indochina Time)
update: Thu Jan 05 2023 19:00:03 GMT+0700 (Indochina Time)
update: Thu Jan 05 2023 20:00:03 GMT+0700 (Indochina Time)
update: Thu Jan 05 2023 21:00:04 GMT+0700 (Indochina Time)
update: Thu Jan 05 2023 22:00:03 GMT+0700 (Indochina Time)
update: Thu Jan 05 2023 23:00:03 GMT+0700 (Indochina Time)
update: Fri Jan 06 2023 00:00:04 GMT+0700 (Indochina Time)
update: Fri Jan 06 2023 01:00:04 GMT+0700 (Indochina Time)
update: Fri Jan 06 2023 02:00:05 GMT+0700 (Indochina Time)
update: Fri Jan 06 2023 02:00:06 GMT+0700 (Indochina Time)
update: Fri Jan 06 2023 02:00:07 GMT+0700 (Indochina Time)
update: Fri Jan 06 2023 02:00:08 GMT+0700 (Indochina Time)
update: Fri Jan 06 2023 02:00:10 GMT+0700 (Indochina Time)
update: Fri Jan 06 2023 02:00:11 GMT+0700 (Indochina Time)
update: Fri Jan 06 2023 02:00:11 GMT+0700 (Indochina Time)
update: Fri Jan 06 2023 03:00:04 GMT+0700 (Indochina Time)
update: Fri Jan 06 2023 03:00:05 GMT+0700 (Indochina Time)
update: Fri Jan 06 2023 03:00:06 GMT+0700 (Indochina Time)
update: Fri Jan 06 2023 03:00:08 GMT+0700 (Indochina Time)
update: Fri Jan 06 2023 03:00:09 GMT+0700 (Indochina Time)
update: Fri Jan 06 2023 03:00:10 GMT+0700 (Indochina Time)
update: Fri Jan 06 2023 03:00:10 GMT+0700 (Indochina Time)
update: Fri Jan 06 2023 04:00:05 GMT+0700 (Indochina Time)
update: Fri Jan 06 2023 04:00:07 GMT+0700 (Indochina Time)
update: Fri Jan 06 2023 04:00:08 GMT+0700 (Indochina Time)
update: Fri Jan 06 2023 04:00:09 GMT+0700 (Indochina Time)
update: Fri Jan 06 2023 04:00:10 GMT+0700 (Indochina Time)
update: Fri Jan 06 2023 04:00:11 GMT+0700 (Indochina Time)
update: Fri Jan 06 2023 04:00:11 GMT+0700 (Indochina Time)
update: Fri Jan 06 2023 05:00:04 GMT+0700 (Indochina Time)
update: Fri Jan 06 2023 05:00:06 GMT+0700 (Indochina Time)
update: Fri Jan 06 2023 05:00:07 GMT+0700 (Indochina Time)
update: Fri Jan 06 2023 05:00:08 GMT+0700 (Indochina Time)
update: Fri Jan 06 2023 05:00:09 GMT+0700 (Indochina Time)
update: Fri Jan 06 2023 05:00:11 GMT+0700 (Indochina Time)
update: Fri Jan 06 2023 05:00:11 GMT+0700 (Indochina Time)
update: Fri Jan 06 2023 06:00:05 GMT+0700 (Indochina Time)
update: Fri Jan 06 2023 06:00:06 GMT+0700 (Indochina Time)
update: Fri Jan 06 2023 06:00:07 GMT+0700 (Indochina Time)
update: Fri Jan 06 2023 06:00:08 GMT+0700 (Indochina Time)
update: Fri Jan 06 2023 06:00:10 GMT+0700 (Indochina Time)
update: Fri Jan 06 2023 06:00:11 GMT+0700 (Indochina Time)
update: Fri Jan 06 2023 06:00:11 GMT+0700 (Indochina Time)
update: Fri Jan 06 2023 07:00:05 GMT+0700 (Indochina Time)
update: Fri Jan 06 2023 07:00:06 GMT+0700 (Indochina Time)
update: Fri Jan 06 2023 07:00:07 GMT+0700 (Indochina Time)
update: Fri Jan 06 2023 07:00:08 GMT+0700 (Indochina Time)
update: Fri Jan 06 2023 07:00:10 GMT+0700 (Indochina Time)
update: Fri Jan 06 2023 07:00:11 GMT+0700 (Indochina Time)
update: Fri Jan 06 2023 07:00:11 GMT+0700 (Indochina Time)
update: Fri Jan 06 2023 08:00:03 GMT+0700 (Indochina Time)
update: Fri Jan 06 2023 09:00:03 GMT+0700 (Indochina Time)
update: Fri Jan 06 2023 10:00:04 GMT+0700 (Indochina Time)
update: Fri Jan 06 2023 11:00:04 GMT+0700 (Indochina Time)
update: Fri Jan 06 2023 12:00:03 GMT+0700 (Indochina Time)
update: Fri Jan 06 2023 13:00:03 GMT+0700 (Indochina Time)
update: Fri Jan 06 2023 14:00:03 GMT+0700 (Indochina Time)
update: Fri Jan 06 2023 15:00:03 GMT+0700 (Indochina Time)
update: Fri Jan 06 2023 16:00:03 GMT+0700 (Indochina Time)
update: Fri Jan 06 2023 17:00:04 GMT+0700 (Indochina Time)
update: Fri Jan 06 2023 17:00:05 GMT+0700 (Indochina Time)
update: Fri Jan 06 2023 17:00:07 GMT+0700 (Indochina Time)
update: Fri Jan 06 2023 17:00:08 GMT+0700 (Indochina Time)
update: Fri Jan 06 2023 17:00:09 GMT+0700 (Indochina Time)
update: Fri Jan 06 2023 17:00:10 GMT+0700 (Indochina Time)
update: Fri Jan 06 2023 17:00:10 GMT+0700 (Indochina Time)
update: Fri Jan 06 2023 18:00:03 GMT+0700 (Indochina Time)
update: Fri Jan 06 2023 19:00:03 GMT+0700 (Indochina Time)
update: Fri Jan 06 2023 20:00:03 GMT+0700 (Indochina Time)
update: Fri Jan 06 2023 21:00:03 GMT+0700 (Indochina Time)
update: Fri Jan 06 2023 22:00:03 GMT+0700 (Indochina Time)
update: Fri Jan 06 2023 23:00:03 GMT+0700 (Indochina Time)
update: Sat Jan 07 2023 00:00:03 GMT+0700 (Indochina Time)
update: Sat Jan 07 2023 01:00:03 GMT+0700 (Indochina Time)
update: Sat Jan 07 2023 02:00:04 GMT+0700 (Indochina Time)
update: Sat Jan 07 2023 02:00:05 GMT+0700 (Indochina Time)
update: Sat Jan 07 2023 02:00:06 GMT+0700 (Indochina Time)
update: Sat Jan 07 2023 02:00:08 GMT+0700 (Indochina Time)
update: Sat Jan 07 2023 02:00:09 GMT+0700 (Indochina Time)
update: Sat Jan 07 2023 02:00:10 GMT+0700 (Indochina Time)
update: Sat Jan 07 2023 02:00:10 GMT+0700 (Indochina Time)
update: Sat Jan 07 2023 03:00:04 GMT+0700 (Indochina Time)
update: Sat Jan 07 2023 03:00:05 GMT+0700 (Indochina Time)
update: Sat Jan 07 2023 03:00:07 GMT+0700 (Indochina Time)
update: Sat Jan 07 2023 03:00:08 GMT+0700 (Indochina Time)
update: Sat Jan 07 2023 03:00:09 GMT+0700 (Indochina Time)
update: Sat Jan 07 2023 03:00:10 GMT+0700 (Indochina Time)
update: Sat Jan 07 2023 03:00:10 GMT+0700 (Indochina Time)
update: Sat Jan 07 2023 04:00:04 GMT+0700 (Indochina Time)
update: Sat Jan 07 2023 04:00:06 GMT+0700 (Indochina Time)
update: Sat Jan 07 2023 04:00:07 GMT+0700 (Indochina Time)
update: Sat Jan 07 2023 04:00:08 GMT+0700 (Indochina Time)
update: Sat Jan 07 2023 04:00:09 GMT+0700 (Indochina Time)
update: Sat Jan 07 2023 04:00:10 GMT+0700 (Indochina Time)
update: Sat Jan 07 2023 04:00:10 GMT+0700 (Indochina Time)
update: Sat Jan 07 2023 05:00:04 GMT+0700 (Indochina Time)
update: Sat Jan 07 2023 05:00:05 GMT+0700 (Indochina Time)
update: Sat Jan 07 2023 05:00:06 GMT+0700 (Indochina Time)
update: Sat Jan 07 2023 05:00:08 GMT+0700 (Indochina Time)
update: Sat Jan 07 2023 05:00:09 GMT+0700 (Indochina Time)
update: Sat Jan 07 2023 05:00:10 GMT+0700 (Indochina Time)
update: Sat Jan 07 2023 05:00:10 GMT+0700 (Indochina Time)
update: Sat Jan 07 2023 06:00:05 GMT+0700 (Indochina Time)
update: Sat Jan 07 2023 06:00:06 GMT+0700 (Indochina Time)
update: Sat Jan 07 2023 06:00:08 GMT+0700 (Indochina Time)
update: Sat Jan 07 2023 06:00:09 GMT+0700 (Indochina Time)
update: Sat Jan 07 2023 06:00:10 GMT+0700 (Indochina Time)
update: Sat Jan 07 2023 06:00:11 GMT+0700 (Indochina Time)
update: Sat Jan 07 2023 06:00:11 GMT+0700 (Indochina Time)
update: Sat Jan 07 2023 07:00:04 GMT+0700 (Indochina Time)
update: Sat Jan 07 2023 07:00:06 GMT+0700 (Indochina Time)
update: Sat Jan 07 2023 07:00:07 GMT+0700 (Indochina Time)
update: Sat Jan 07 2023 07:00:08 GMT+0700 (Indochina Time)
update: Sat Jan 07 2023 07:00:09 GMT+0700 (Indochina Time)
update: Sat Jan 07 2023 07:00:10 GMT+0700 (Indochina Time)
update: Sat Jan 07 2023 07:00:10 GMT+0700 (Indochina Time)
update: Sat Jan 07 2023 08:00:03 GMT+0700 (Indochina Time)
update: Sat Jan 07 2023 09:00:03 GMT+0700 (Indochina Time)
update: Sat Jan 07 2023 10:00:03 GMT+0700 (Indochina Time)
update: Sat Jan 07 2023 11:00:03 GMT+0700 (Indochina Time)
update: Sat Jan 07 2023 12:00:03 GMT+0700 (Indochina Time)
update: Sat Jan 07 2023 13:00:03 GMT+0700 (Indochina Time)
update: Sat Jan 07 2023 14:00:03 GMT+0700 (Indochina Time)
update: Sat Jan 07 2023 15:00:03 GMT+0700 (Indochina Time)
update: Sat Jan 07 2023 16:00:03 GMT+0700 (Indochina Time)
update: Sat Jan 07 2023 17:00:04 GMT+0700 (Indochina Time)
update: Sat Jan 07 2023 17:00:06 GMT+0700 (Indochina Time)
update: Sat Jan 07 2023 17:00:07 GMT+0700 (Indochina Time)
update: Sat Jan 07 2023 17:00:08 GMT+0700 (Indochina Time)
update: Sat Jan 07 2023 17:00:09 GMT+0700 (Indochina Time)
update: Sat Jan 07 2023 17:00:10 GMT+0700 (Indochina Time)
update: Sat Jan 07 2023 17:00:10 GMT+0700 (Indochina Time)
update: Sat Jan 07 2023 18:00:03 GMT+0700 (Indochina Time)
update: Sat Jan 07 2023 19:00:03 GMT+0700 (Indochina Time)
update: Sat Jan 07 2023 20:00:03 GMT+0700 (Indochina Time)
update: Sat Jan 07 2023 21:00:04 GMT+0700 (Indochina Time)
update: Sat Jan 07 2023 22:00:04 GMT+0700 (Indochina Time)
update: Sat Jan 07 2023 23:00:03 GMT+0700 (Indochina Time)
update: Sun Jan 08 2023 00:00:03 GMT+0700 (Indochina Time)
update: Sun Jan 08 2023 01:00:03 GMT+0700 (Indochina Time)
update: Sun Jan 08 2023 02:00:05 GMT+0700 (Indochina Time)
update: Sun Jan 08 2023 02:00:06 GMT+0700 (Indochina Time)
update: Sun Jan 08 2023 02:00:07 GMT+0700 (Indochina Time)
update: Sun Jan 08 2023 02:00:09 GMT+0700 (Indochina Time)
update: Sun Jan 08 2023 02:00:10 GMT+0700 (Indochina Time)
update: Sun Jan 08 2023 02:00:11 GMT+0700 (Indochina Time)
update: Sun Jan 08 2023 02:00:11 GMT+0700 (Indochina Time)
update: Sun Jan 08 2023 03:00:04 GMT+0700 (Indochina Time)
update: Sun Jan 08 2023 03:00:05 GMT+0700 (Indochina Time)
update: Sun Jan 08 2023 03:00:07 GMT+0700 (Indochina Time)
update: Sun Jan 08 2023 03:00:08 GMT+0700 (Indochina Time)
update: Sun Jan 08 2023 03:00:09 GMT+0700 (Indochina Time)
update: Sun Jan 08 2023 03:00:11 GMT+0700 (Indochina Time)
update: Sun Jan 08 2023 03:00:11 GMT+0700 (Indochina Time)
update: Sun Jan 08 2023 04:00:04 GMT+0700 (Indochina Time)
update: Sun Jan 08 2023 04:00:05 GMT+0700 (Indochina Time)
update: Sun Jan 08 2023 04:00:06 GMT+0700 (Indochina Time)
update: Sun Jan 08 2023 04:00:07 GMT+0700 (Indochina Time)
update: Sun Jan 08 2023 04:00:08 GMT+0700 (Indochina Time)
update: Sun Jan 08 2023 04:00:10 GMT+0700 (Indochina Time)
update: Sun Jan 08 2023 04:00:10 GMT+0700 (Indochina Time)
update: Sun Jan 08 2023 05:00:04 GMT+0700 (Indochina Time)
update: Sun Jan 08 2023 05:00:06 GMT+0700 (Indochina Time)
update: Sun Jan 08 2023 05:00:07 GMT+0700 (Indochina Time)
update: Sun Jan 08 2023 05:00:08 GMT+0700 (Indochina Time)
update: Sun Jan 08 2023 05:00:09 GMT+0700 (Indochina Time)
update: Sun Jan 08 2023 05:00:10 GMT+0700 (Indochina Time)
update: Sun Jan 08 2023 05:00:10 GMT+0700 (Indochina Time)
update: Sun Jan 08 2023 06:00:04 GMT+0700 (Indochina Time)
update: Sun Jan 08 2023 06:00:06 GMT+0700 (Indochina Time)
update: Sun Jan 08 2023 06:00:07 GMT+0700 (Indochina Time)
update: Sun Jan 08 2023 06:00:08 GMT+0700 (Indochina Time)
update: Sun Jan 08 2023 06:00:09 GMT+0700 (Indochina Time)
update: Sun Jan 08 2023 06:00:11 GMT+0700 (Indochina Time)
update: Sun Jan 08 2023 06:00:11 GMT+0700 (Indochina Time)
update: Sun Jan 08 2023 07:00:04 GMT+0700 (Indochina Time)
update: Sun Jan 08 2023 07:00:05 GMT+0700 (Indochina Time)
update: Sun Jan 08 2023 07:00:07 GMT+0700 (Indochina Time)
update: Sun Jan 08 2023 07:00:08 GMT+0700 (Indochina Time)
update: Sun Jan 08 2023 07:00:09 GMT+0700 (Indochina Time)
update: Sun Jan 08 2023 07:00:10 GMT+0700 (Indochina Time)
update: Sun Jan 08 2023 07:00:10 GMT+0700 (Indochina Time)
update: Sun Jan 08 2023 08:00:03 GMT+0700 (Indochina Time)
update: Sun Jan 08 2023 09:00:03 GMT+0700 (Indochina Time)
update: Sun Jan 08 2023 10:00:03 GMT+0700 (Indochina Time)
update: Sun Jan 08 2023 11:00:03 GMT+0700 (Indochina Time)
update: Sun Jan 08 2023 12:00:03 GMT+0700 (Indochina Time)
update: Sun Jan 08 2023 13:00:03 GMT+0700 (Indochina Time)
update: Sun Jan 08 2023 14:00:03 GMT+0700 (Indochina Time)
update: Sun Jan 08 2023 15:00:04 GMT+0700 (Indochina Time)
update: Sun Jan 08 2023 16:00:03 GMT+0700 (Indochina Time)
update: Sun Jan 08 2023 17:00:04 GMT+0700 (Indochina Time)
update: Sun Jan 08 2023 17:00:05 GMT+0700 (Indochina Time)
update: Sun Jan 08 2023 17:00:07 GMT+0700 (Indochina Time)
update: Sun Jan 08 2023 17:00:08 GMT+0700 (Indochina Time)
update: Sun Jan 08 2023 17:00:09 GMT+0700 (Indochina Time)
update: Sun Jan 08 2023 17:00:10 GMT+0700 (Indochina Time)
update: Sun Jan 08 2023 17:00:10 GMT+0700 (Indochina Time)
update: Sun Jan 08 2023 18:00:03 GMT+0700 (Indochina Time)
update: Sun Jan 08 2023 19:00:04 GMT+0700 (Indochina Time)
update: Sun Jan 08 2023 20:00:03 GMT+0700 (Indochina Time)
update: Sun Jan 08 2023 21:00:03 GMT+0700 (Indochina Time)
update: Sun Jan 08 2023 22:00:03 GMT+0700 (Indochina Time)
update: Sun Jan 08 2023 23:00:03 GMT+0700 (Indochina Time)
update: Mon Jan 09 2023 00:00:03 GMT+0700 (Indochina Time)
update: Mon Jan 09 2023 01:00:03 GMT+0700 (Indochina Time)
update: Mon Jan 09 2023 02:00:04 GMT+0700 (Indochina Time)
update: Mon Jan 09 2023 02:00:05 GMT+0700 (Indochina Time)
update: Mon Jan 09 2023 02:00:06 GMT+0700 (Indochina Time)
update: Mon Jan 09 2023 02:00:08 GMT+0700 (Indochina Time)
update: Mon Jan 09 2023 02:00:09 GMT+0700 (Indochina Time)
update: Mon Jan 09 2023 02:00:10 GMT+0700 (Indochina Time)
update: Mon Jan 09 2023 02:00:10 GMT+0700 (Indochina Time)
update: Mon Jan 09 2023 03:00:05 GMT+0700 (Indochina Time)
update: Mon Jan 09 2023 03:00:06 GMT+0700 (Indochina Time)
update: Mon Jan 09 2023 03:00:08 GMT+0700 (Indochina Time)
update: Mon Jan 09 2023 03:00:09 GMT+0700 (Indochina Time)
update: Mon Jan 09 2023 03:00:10 GMT+0700 (Indochina Time)
update: Mon Jan 09 2023 03:00:11 GMT+0700 (Indochina Time)
update: Mon Jan 09 2023 03:00:11 GMT+0700 (Indochina Time)
update: Mon Jan 09 2023 04:00:04 GMT+0700 (Indochina Time)
update: Mon Jan 09 2023 04:00:06 GMT+0700 (Indochina Time)
update: Mon Jan 09 2023 04:00:07 GMT+0700 (Indochina Time)
update: Mon Jan 09 2023 04:00:08 GMT+0700 (Indochina Time)
update: Mon Jan 09 2023 04:00:09 GMT+0700 (Indochina Time)
update: Mon Jan 09 2023 04:00:10 GMT+0700 (Indochina Time)
update: Mon Jan 09 2023 04:00:10 GMT+0700 (Indochina Time)
update: Mon Jan 09 2023 05:00:04 GMT+0700 (Indochina Time)
update: Mon Jan 09 2023 05:00:06 GMT+0700 (Indochina Time)
update: Mon Jan 09 2023 05:00:08 GMT+0700 (Indochina Time)
update: Mon Jan 09 2023 05:00:09 GMT+0700 (Indochina Time)
update: Mon Jan 09 2023 05:00:10 GMT+0700 (Indochina Time)
update: Mon Jan 09 2023 05:00:11 GMT+0700 (Indochina Time)
update: Mon Jan 09 2023 05:00:11 GMT+0700 (Indochina Time)
update: Mon Jan 09 2023 06:00:04 GMT+0700 (Indochina Time)
update: Mon Jan 09 2023 06:00:05 GMT+0700 (Indochina Time)
update: Mon Jan 09 2023 06:00:07 GMT+0700 (Indochina Time)
update: Mon Jan 09 2023 06:00:08 GMT+0700 (Indochina Time)
update: Mon Jan 09 2023 06:00:09 GMT+0700 (Indochina Time)
update: Mon Jan 09 2023 06:00:10 GMT+0700 (Indochina Time)
update: Mon Jan 09 2023 06:00:10 GMT+0700 (Indochina Time)
update: Mon Jan 09 2023 07:00:05 GMT+0700 (Indochina Time)
update: Mon Jan 09 2023 07:00:06 GMT+0700 (Indochina Time)
update: Mon Jan 09 2023 07:00:08 GMT+0700 (Indochina Time)
update: Mon Jan 09 2023 07:00:09 GMT+0700 (Indochina Time)
update: Mon Jan 09 2023 07:00:10 GMT+0700 (Indochina Time)
update: Mon Jan 09 2023 07:00:11 GMT+0700 (Indochina Time)
update: Mon Jan 09 2023 07:00:11 GMT+0700 (Indochina Time)
update: Mon Jan 09 2023 08:00:03 GMT+0700 (Indochina Time)
update: Mon Jan 09 2023 09:00:03 GMT+0700 (Indochina Time)
update: Mon Jan 09 2023 10:00:03 GMT+0700 (Indochina Time)
update: Mon Jan 09 2023 11:00:03 GMT+0700 (Indochina Time)
update: Mon Jan 09 2023 12:00:03 GMT+0700 (Indochina Time)
update: Mon Jan 09 2023 13:00:03 GMT+0700 (Indochina Time)
update: Mon Jan 09 2023 14:00:03 GMT+0700 (Indochina Time)
update: Mon Jan 09 2023 15:00:03 GMT+0700 (Indochina Time)
update: Mon Jan 09 2023 16:00:04 GMT+0700 (Indochina Time)
update: Mon Jan 09 2023 17:00:05 GMT+0700 (Indochina Time)
update: Mon Jan 09 2023 17:00:06 GMT+0700 (Indochina Time)
update: Mon Jan 09 2023 17:00:07 GMT+0700 (Indochina Time)
update: Mon Jan 09 2023 17:00:08 GMT+0700 (Indochina Time)
update: Mon Jan 09 2023 17:00:09 GMT+0700 (Indochina Time)
update: Mon Jan 09 2023 17:00:10 GMT+0700 (Indochina Time)
update: Mon Jan 09 2023 17:00:10 GMT+0700 (Indochina Time)
update: Mon Jan 09 2023 18:00:03 GMT+0700 (Indochina Time)
update: Mon Jan 09 2023 19:00:03 GMT+0700 (Indochina Time)
update: Mon Jan 09 2023 20:00:03 GMT+0700 (Indochina Time)
update: Mon Jan 09 2023 21:00:03 GMT+0700 (Indochina Time)
update: Mon Jan 09 2023 22:00:03 GMT+0700 (Indochina Time)
update: Mon Jan 09 2023 23:00:03 GMT+0700 (Indochina Time)
update: Tue Jan 10 2023 00:00:03 GMT+0700 (Indochina Time)
update: Tue Jan 10 2023 01:00:03 GMT+0700 (Indochina Time)
update: Tue Jan 10 2023 02:00:04 GMT+0700 (Indochina Time)
update: Tue Jan 10 2023 02:00:05 GMT+0700 (Indochina Time)
update: Tue Jan 10 2023 02:00:07 GMT+0700 (Indochina Time)
update: Tue Jan 10 2023 02:00:08 GMT+0700 (Indochina Time)
update: Tue Jan 10 2023 02:00:09 GMT+0700 (Indochina Time)
update: Tue Jan 10 2023 02:00:11 GMT+0700 (Indochina Time)
update: Tue Jan 10 2023 02:00:11 GMT+0700 (Indochina Time)
update: Tue Jan 10 2023 03:00:05 GMT+0700 (Indochina Time)
update: Tue Jan 10 2023 03:00:06 GMT+0700 (Indochina Time)
update: Tue Jan 10 2023 03:00:07 GMT+0700 (Indochina Time)
update: Tue Jan 10 2023 03:00:08 GMT+0700 (Indochina Time)
update: Tue Jan 10 2023 03:00:09 GMT+0700 (Indochina Time)
update: Tue Jan 10 2023 03:00:11 GMT+0700 (Indochina Time)
update: Tue Jan 10 2023 03:00:11 GMT+0700 (Indochina Time)
update: Tue Jan 10 2023 04:00:04 GMT+0700 (Indochina Time)
update: Tue Jan 10 2023 04:00:06 GMT+0700 (Indochina Time)
update: Tue Jan 10 2023 04:00:07 GMT+0700 (Indochina Time)
update: Tue Jan 10 2023 04:00:09 GMT+0700 (Indochina Time)
update: Tue Jan 10 2023 04:00:11 GMT+0700 (Indochina Time)
update: Tue Jan 10 2023 04:00:12 GMT+0700 (Indochina Time)
update: Tue Jan 10 2023 04:00:12 GMT+0700 (Indochina Time)
update: Tue Jan 10 2023 05:00:59 GMT+0700 (Indochina Time)
update: Tue Jan 10 2023 05:01:01 GMT+0700 (Indochina Time)
update: Tue Jan 10 2023 05:01:02 GMT+0700 (Indochina Time)
update: Tue Jan 10 2023 05:01:03 GMT+0700 (Indochina Time)
update: Tue Jan 10 2023 05:01:05 GMT+0700 (Indochina Time)
update: Tue Jan 10 2023 05:01:06 GMT+0700 (Indochina Time)
update: Tue Jan 10 2023 05:01:06 GMT+0700 (Indochina Time)
update: Tue Jan 10 2023 06:00:05 GMT+0700 (Indochina Time)
update: Tue Jan 10 2023 06:00:06 GMT+0700 (Indochina Time)
update: Tue Jan 10 2023 06:00:07 GMT+0700 (Indochina Time)
update: Tue Jan 10 2023 06:00:08 GMT+0700 (Indochina Time)
update: Tue Jan 10 2023 06:00:09 GMT+0700 (Indochina Time)
update: Tue Jan 10 2023 06:00:11 GMT+0700 (Indochina Time)
update: Tue Jan 10 2023 06:00:11 GMT+0700 (Indochina Time)
update: Tue Jan 10 2023 07:00:04 GMT+0700 (Indochina Time)
update: Tue Jan 10 2023 07:00:06 GMT+0700 (Indochina Time)
update: Tue Jan 10 2023 07:00:07 GMT+0700 (Indochina Time)
update: Tue Jan 10 2023 07:00:08 GMT+0700 (Indochina Time)
update: Tue Jan 10 2023 07:00:09 GMT+0700 (Indochina Time)
update: Tue Jan 10 2023 07:00:11 GMT+0700 (Indochina Time)
update: Tue Jan 10 2023 07:00:11 GMT+0700 (Indochina Time)
update: Tue Jan 10 2023 08:00:03 GMT+0700 (Indochina Time)
update: Tue Jan 10 2023 09:00:03 GMT+0700 (Indochina Time)
update: Tue Jan 10 2023 10:00:03 GMT+0700 (Indochina Time)
update: Tue Jan 10 2023 11:00:03 GMT+0700 (Indochina Time)
update: Tue Jan 10 2023 12:00:03 GMT+0700 (Indochina Time)
update: Tue Jan 10 2023 13:00:03 GMT+0700 (Indochina Time)
update: Tue Jan 10 2023 14:00:03 GMT+0700 (Indochina Time)
update: Tue Jan 10 2023 15:00:03 GMT+0700 (Indochina Time)
update: Tue Jan 10 2023 16:00:03 GMT+0700 (Indochina Time)
update: Tue Jan 10 2023 17:00:05 GMT+0700 (Indochina Time)
update: Tue Jan 10 2023 17:00:06 GMT+0700 (Indochina Time)
update: Tue Jan 10 2023 17:00:07 GMT+0700 (Indochina Time)
update: Tue Jan 10 2023 17:00:09 GMT+0700 (Indochina Time)
update: Tue Jan 10 2023 17:00:10 GMT+0700 (Indochina Time)
update: Tue Jan 10 2023 17:00:11 GMT+0700 (Indochina Time)
update: Tue Jan 10 2023 17:00:11 GMT+0700 (Indochina Time)
update: Tue Jan 10 2023 18:00:03 GMT+0700 (Indochina Time)
update: Tue Jan 10 2023 19:00:04 GMT+0700 (Indochina Time)
update: Tue Jan 10 2023 20:00:03 GMT+0700 (Indochina Time)
update: Tue Jan 10 2023 21:00:03 GMT+0700 (Indochina Time)
update: Tue Jan 10 2023 22:00:03 GMT+0700 (Indochina Time)
update: Tue Jan 10 2023 23:00:04 GMT+0700 (Indochina Time)
update: Wed Jan 11 2023 00:00:03 GMT+0700 (Indochina Time)
update: Wed Jan 11 2023 01:00:03 GMT+0700 (Indochina Time)
update: Wed Jan 11 2023 02:00:04 GMT+0700 (Indochina Time)
update: Wed Jan 11 2023 02:00:05 GMT+0700 (Indochina Time)
update: Wed Jan 11 2023 02:00:06 GMT+0700 (Indochina Time)
update: Wed Jan 11 2023 02:00:08 GMT+0700 (Indochina Time)
update: Wed Jan 11 2023 02:00:09 GMT+0700 (Indochina Time)
update: Wed Jan 11 2023 02:00:10 GMT+0700 (Indochina Time)
update: Wed Jan 11 2023 02:00:10 GMT+0700 (Indochina Time)
update: Wed Jan 11 2023 03:00:05 GMT+0700 (Indochina Time)
update: Wed Jan 11 2023 03:00:06 GMT+0700 (Indochina Time)
update: Wed Jan 11 2023 03:00:07 GMT+0700 (Indochina Time)
update: Wed Jan 11 2023 03:00:08 GMT+0700 (Indochina Time)
update: Wed Jan 11 2023 03:00:10 GMT+0700 (Indochina Time)
update: Wed Jan 11 2023 03:00:11 GMT+0700 (Indochina Time)
update: Wed Jan 11 2023 03:00:11 GMT+0700 (Indochina Time)
update: Wed Jan 11 2023 04:00:05 GMT+0700 (Indochina Time)
update: Wed Jan 11 2023 04:00:06 GMT+0700 (Indochina Time)
update: Wed Jan 11 2023 04:00:07 GMT+0700 (Indochina Time)
update: Wed Jan 11 2023 04:00:08 GMT+0700 (Indochina Time)
update: Wed Jan 11 2023 04:00:08 GMT+0700 (Indochina Time)
update: Wed Jan 11 2023 04:00:09 GMT+0700 (Indochina Time)
update: Wed Jan 11 2023 04:00:09 GMT+0700 (Indochina Time)
update: Wed Jan 11 2023 05:00:04 GMT+0700 (Indochina Time)
update: Wed Jan 11 2023 05:00:05 GMT+0700 (Indochina Time)
update: Wed Jan 11 2023 05:00:06 GMT+0700 (Indochina Time)
update: Wed Jan 11 2023 05:00:08 GMT+0700 (Indochina Time)
update: Wed Jan 11 2023 05:00:09 GMT+0700 (Indochina Time)
update: Wed Jan 11 2023 05:00:10 GMT+0700 (Indochina Time)
update: Wed Jan 11 2023 05:00:10 GMT+0700 (Indochina Time)
update: Wed Jan 11 2023 06:00:05 GMT+0700 (Indochina Time)
update: Wed Jan 11 2023 06:00:06 GMT+0700 (Indochina Time)
update: Wed Jan 11 2023 06:00:07 GMT+0700 (Indochina Time)
update: Wed Jan 11 2023 06:00:09 GMT+0700 (Indochina Time)
update: Wed Jan 11 2023 06:00:10 GMT+0700 (Indochina Time)
update: Wed Jan 11 2023 06:00:11 GMT+0700 (Indochina Time)
update: Wed Jan 11 2023 06:00:11 GMT+0700 (Indochina Time)
update: Wed Jan 11 2023 07:00:04 GMT+0700 (Indochina Time)
update: Wed Jan 11 2023 07:00:05 GMT+0700 (Indochina Time)
update: Wed Jan 11 2023 07:00:07 GMT+0700 (Indochina Time)
update: Wed Jan 11 2023 07:00:08 GMT+0700 (Indochina Time)
update: Wed Jan 11 2023 07:00:09 GMT+0700 (Indochina Time)
update: Wed Jan 11 2023 07:00:10 GMT+0700 (Indochina Time)
update: Wed Jan 11 2023 07:00:10 GMT+0700 (Indochina Time)
update: Wed Jan 11 2023 08:00:03 GMT+0700 (Indochina Time)
update: Wed Jan 11 2023 09:00:03 GMT+0700 (Indochina Time)
update: Wed Jan 11 2023 10:00:03 GMT+0700 (Indochina Time)
update: Wed Jan 11 2023 11:00:03 GMT+0700 (Indochina Time)
update: Wed Jan 11 2023 12:00:03 GMT+0700 (Indochina Time)
update: Wed Jan 11 2023 13:00:03 GMT+0700 (Indochina Time)
update: Wed Jan 11 2023 14:00:03 GMT+0700 (Indochina Time)
update: Wed Jan 11 2023 15:00:03 GMT+0700 (Indochina Time)
update: Wed Jan 11 2023 16:00:03 GMT+0700 (Indochina Time)
update: Wed Jan 11 2023 17:00:04 GMT+0700 (Indochina Time)
update: Wed Jan 11 2023 17:00:05 GMT+0700 (Indochina Time)
update: Wed Jan 11 2023 17:00:06 GMT+0700 (Indochina Time)
update: Wed Jan 11 2023 17:00:08 GMT+0700 (Indochina Time)
update: Wed Jan 11 2023 17:00:09 GMT+0700 (Indochina Time)
update: Wed Jan 11 2023 17:00:11 GMT+0700 (Indochina Time)
update: Wed Jan 11 2023 17:00:11 GMT+0700 (Indochina Time)
update: Wed Jan 11 2023 18:00:03 GMT+0700 (Indochina Time)
update: Wed Jan 11 2023 19:00:03 GMT+0700 (Indochina Time)
update: Wed Jan 11 2023 20:00:03 GMT+0700 (Indochina Time)
update: Wed Jan 11 2023 21:00:04 GMT+0700 (Indochina Time)
update: Wed Jan 11 2023 22:00:03 GMT+0700 (Indochina Time)
update: Wed Jan 11 2023 23:00:03 GMT+0700 (Indochina Time)
update: Thu Jan 12 2023 00:00:03 GMT+0700 (Indochina Time)
update: Thu Jan 12 2023 01:00:03 GMT+0700 (Indochina Time)
update: Thu Jan 12 2023 02:00:05 GMT+0700 (Indochina Time)
update: Thu Jan 12 2023 02:00:06 GMT+0700 (Indochina Time)
update: Thu Jan 12 2023 02:00:08 GMT+0700 (Indochina Time)
update: Thu Jan 12 2023 02:00:09 GMT+0700 (Indochina Time)
update: Thu Jan 12 2023 02:00:10 GMT+0700 (Indochina Time)
update: Thu Jan 12 2023 02:00:11 GMT+0700 (Indochina Time)
update: Thu Jan 12 2023 02:00:11 GMT+0700 (Indochina Time)